
10월 24, 2024 10:50:52.19 NEW SESSION
10월 24, 2024 10:50:52.20 [6984:1244:1024/105052.193:ERROR:CONSOLE(1)] "Unknown VE context: language-mismatch    at new He (devtools://devtools/bundled/devtools-frontend/front_end/ui/legacy/legacy.js:1:98356)
10월 24, 2024 10:50:52.20     at devtools://devtools/bundled/devtools-frontend/front_end/ui/legacy/legacy.js:1:191793
10월 24, 2024 10:50:52.20     at new oi (devtools://devtools/bundled/devtools-frontend/front_end/ui/legacy/legacy.js:1:192189)
10월 24, 2024 10:50:52.20     at oi.instance (devtools://devtools/bundled/devtools-frontend/front_end/ui/legacy/legacy.js:1:192311)
10월 24, 2024 10:50:52.20     at O.presentUI (devtools://devtools/bundled/devtools-frontend/front_end/panels/emulation/emulation.js:1:58454)
10월 24, 2024 10:50:52.20     at #I (devtools://devtools/bundled/devtools-frontend/front_end/entrypoints/main/main.js:1:17314)
10월 24, 2024 10:50:52.20     at #x (devtools://devtools/bundled/devtools-frontend/front_end/entrypoints/main/main.js:1:17109)", source: devtools://devtools/bundled/devtools-frontend/front_end/ui/visual_logging/visual_logging.js (1)
10월 24, 2024 10:50:52.42 Created TensorFlow Lite XNNPACK delegate for CPU.
10월 24, 2024 10:50:52.49 [6984:5348:1024/105052.493:ERROR:registration_request.cc(291)] Registration response error message: DEPRECATED_ENDPOINT
10월 24, 2024 10:51:14.16 [6984:5348:1024/105114.165:ERROR:registration_request.cc(291)] Registration response error message: DEPRECATED_ENDPOINT
10월 24, 2024 10:51:43.09 [6984:1244:1024/105143.096:ERROR:CONSOLE(1)] "Unknown VE context: tab-6    at a (devtools://devtools/bundled/devtools-frontend/front_end/ui/visual_logging/visual_logging.js:1:64099)
10월 24, 2024 10:51:43.09     at e.Me (devtools://devtools/bundled/devtools-frontend/front_end/ui/visual_logging/visual_logging.js:1:81107)
10월 24, 2024 10:51:43.09     at devtools://devtools/bundled/devtools-frontend/front_end/ui/components/render_coordinator/render_coordinator.js:1:150", source: devtools://devtools/bundled/devtools-frontend/front_end/ui/visual_logging/visual_logging.js (1)
10월 24, 2024 10:51:43.09 [6984:1244:1024/105143.096:ERROR:CONSOLE(1)] "Unknown VE context: tab-7    at a (devtools://devtools/bundled/devtools-frontend/front_end/ui/visual_logging/visual_logging.js:1:64099)
10월 24, 2024 10:51:43.09     at e.Me (devtools://devtools/bundled/devtools-frontend/front_end/ui/visual_logging/visual_logging.js:1:81107)
10월 24, 2024 10:51:43.09     at devtools://devtools/bundled/devtools-frontend/front_end/ui/components/render_coordinator/render_coordinator.js:1:150", source: devtools://devtools/bundled/devtools-frontend/front_end/ui/visual_logging/visual_logging.js (1)
10월 24, 2024 10:51:44.50 [6984:1244:1024/105144.508:ERROR:CONSOLE(1)] "Unknown VE context: tab-8    at a (devtools://devtools/bundled/devtools-frontend/front_end/ui/visual_logging/visual_logging.js:1:64099)
10월 24, 2024 10:51:44.50     at e.Me (devtools://devtools/bundled/devtools-frontend/front_end/ui/visual_logging/visual_logging.js:1:81107)
10월 24, 2024 10:51:44.50     at devtools://devtools/bundled/devtools-frontend/front_end/ui/components/render_coordinator/render_coordinator.js:1:150", source: devtools://devtools/bundled/devtools-frontend/front_end/ui/visual_logging/visual_logging.js (1)
10월 24, 2024 10:51:44.50 [6984:1244:1024/105144.508:ERROR:CONSOLE(1)] "Unknown VE context: tab-9    at a (devtools://devtools/bundled/devtools-frontend/front_end/ui/visual_logging/visual_logging.js:1:64099)
10월 24, 2024 10:51:44.50     at e.Me (devtools://devtools/bundled/devtools-frontend/front_end/ui/visual_logging/visual_logging.js:1:81107)
10월 24, 2024 10:51:44.50     at devtools://devtools/bundled/devtools-frontend/front_end/ui/components/render_coordinator/render_coordinator.js:1:150", source: devtools://devtools/bundled/devtools-frontend/front_end/ui/visual_logging/visual_logging.js (1)
10월 24, 2024 10:52:07.56 [6984:5348:1024/105207.560:ERROR:registration_request.cc(291)] Registration response error message: DEPRECATED_ENDPOINT
10월 24, 2024 10:53:45.17 [6984:5348:1024/105345.173:ERROR:registration_request.cc(291)] Registration response error message: DEPRECATED_ENDPOINT
10월 24, 2024 10:55:34.02 [6984:1244:1024/105534.029:ERROR:CONSOLE(1)] "Unknown VE context: language-mismatch    at new He (devtools://devtools/bundled/devtools-frontend/front_end/ui/legacy/legacy.js:1:98356)
10월 24, 2024 10:55:34.02     at devtools://devtools/bundled/devtools-frontend/front_end/ui/legacy/legacy.js:1:191793
10월 24, 2024 10:55:34.02     at new oi (devtools://devtools/bundled/devtools-frontend/front_end/ui/legacy/legacy.js:1:192189)
10월 24, 2024 10:55:34.02     at oi.instance (devtools://devtools/bundled/devtools-frontend/front_end/ui/legacy/legacy.js:1:192311)
10월 24, 2024 10:55:34.02     at O.presentUI (devtools://devtools/bundled/devtools-frontend/front_end/panels/emulation/emulation.js:1:58454)
10월 24, 2024 10:55:34.02     at #I (devtools://devtools/bundled/devtools-frontend/front_end/entrypoints/main/main.js:1:17314)
10월 24, 2024 10:55:34.03     at #x (devtools://devtools/bundled/devtools-frontend/front_end/entrypoints/main/main.js:1:17109)", source: devtools://devtools/bundled/devtools-frontend/front_end/ui/visual_logging/visual_logging.js (1)
10월 24, 2024 10:57:27.25 [6984:5348:1024/105727.258:ERROR:registration_request.cc(291)] Registration response error message: DEPRECATED_ENDPOINT
10월 24, 2024 11:00:12.04 [6984:1244:1024/110012.043:ERROR:CONSOLE(1)] "Unknown VE context: tab-6    at a (devtools://devtools/bundled/devtools-frontend/front_end/ui/visual_logging/visual_logging.js:1:64099)
10월 24, 2024 11:00:12.04     at e.Me (devtools://devtools/bundled/devtools-frontend/front_end/ui/visual_logging/visual_logging.js:1:81107)
10월 24, 2024 11:00:12.04     at devtools://devtools/bundled/devtools-frontend/front_end/ui/components/render_coordinator/render_coordinator.js:1:150", source: devtools://devtools/bundled/devtools-frontend/front_end/ui/visual_logging/visual_logging.js (1)
10월 24, 2024 11:00:12.04 [6984:1244:1024/110012.043:ERROR:CONSOLE(1)] "Unknown VE context: tab-7    at a (devtools://devtools/bundled/devtools-frontend/front_end/ui/visual_logging/visual_logging.js:1:64099)
10월 24, 2024 11:00:12.04     at e.Me (devtools://devtools/bundled/devtools-frontend/front_end/ui/visual_logging/visual_logging.js:1:81107)
10월 24, 2024 11:00:12.04     at devtools://devtools/bundled/devtools-frontend/front_end/ui/components/render_coordinator/render_coordinator.js:1:150", source: devtools://devtools/bundled/devtools-frontend/front_end/ui/visual_logging/visual_logging.js (1)
10월 24, 2024 11:00:12.63 [6984:1244:1024/110012.630:ERROR:CONSOLE(1)] "Unknown VE context: tab-12    at a (devtools://devtools/bundled/devtools-frontend/front_end/ui/visual_logging/visual_logging.js:1:64099)
10월 24, 2024 11:00:12.63     at e.Me (devtools://devtools/bundled/devtools-frontend/front_end/ui/visual_logging/visual_logging.js:1:81107)
10월 24, 2024 11:00:12.63     at devtools://devtools/bundled/devtools-frontend/front_end/ui/components/render_coordinator/render_coordinator.js:1:150", source: devtools://devtools/bundled/devtools-frontend/front_end/ui/visual_logging/visual_logging.js (1)
10월 24, 2024 11:00:12.63 [6984:1244:1024/110012.630:ERROR:CONSOLE(1)] "Unknown VE context: tab-13    at a (devtools://devtools/bundled/devtools-frontend/front_end/ui/visual_logging/visual_logging.js:1:64099)
10월 24, 2024 11:00:12.63     at e.Me (devtools://devtools/bundled/devtools-frontend/front_end/ui/visual_logging/visual_logging.js:1:81107)
10월 24, 2024 11:00:12.63     at devtools://devtools/bundled/devtools-frontend/front_end/ui/components/render_coordinator/render_coordinator.js:1:150", source: devtools://devtools/bundled/devtools-frontend/front_end/ui/visual_logging/visual_logging.js (1)
10월 24, 2024 11:00:13.14 [6984:1244:1024/110013.148:ERROR:CONSOLE(1)] "Unknown VE context: tab-16    at a (devtools://devtools/bundled/devtools-frontend/front_end/ui/visual_logging/visual_logging.js:1:64099)
10월 24, 2024 11:00:13.14     at e.Me (devtools://devtools/bundled/devtools-frontend/front_end/ui/visual_logging/visual_logging.js:1:81107)
10월 24, 2024 11:00:13.14     at devtools://devtools/bundled/devtools-frontend/front_end/ui/components/render_coordinator/render_coordinator.js:1:150", source: devtools://devtools/bundled/devtools-frontend/front_end/ui/visual_logging/visual_logging.js (1)
10월 24, 2024 11:00:13.14 [6984:1244:1024/110013.148:ERROR:CONSOLE(1)] "Unknown VE context: tab-17    at a (devtools://devtools/bundled/devtools-frontend/front_end/ui/visual_logging/visual_logging.js:1:64099)
10월 24, 2024 11:00:13.14     at e.Me (devtools://devtools/bundled/devtools-frontend/front_end/ui/visual_logging/visual_logging.js:1:81107)
10월 24, 2024 11:00:13.14     at devtools://devtools/bundled/devtools-frontend/front_end/ui/components/render_coordinator/render_coordinator.js:1:150", source: devtools://devtools/bundled/devtools-frontend/front_end/ui/visual_logging/visual_logging.js (1)
10월 24, 2024 11:00:34.06 [6984:1244:1024/110034.060:ERROR:CONSOLE(1)] "Unknown VE context: language-mismatch    at new He (devtools://devtools/bundled/devtools-frontend/front_end/ui/legacy/legacy.js:1:98356)
10월 24, 2024 11:00:34.06     at devtools://devtools/bundled/devtools-frontend/front_end/ui/legacy/legacy.js:1:191793
10월 24, 2024 11:00:34.06     at new oi (devtools://devtools/bundled/devtools-frontend/front_end/ui/legacy/legacy.js:1:192189)
10월 24, 2024 11:00:34.06     at oi.instance (devtools://devtools/bundled/devtools-frontend/front_end/ui/legacy/legacy.js:1:192311)
10월 24, 2024 11:00:34.06     at O.presentUI (devtools://devtools/bundled/devtools-frontend/front_end/panels/emulation/emulation.js:1:58454)
10월 24, 2024 11:00:34.06     at #I (devtools://devtools/bundled/devtools-frontend/front_end/entrypoints/main/main.js:1:17314)
10월 24, 2024 11:00:34.06     at #x (devtools://devtools/bundled/devtools-frontend/front_end/entrypoints/main/main.js:1:17109)", source: devtools://devtools/bundled/devtools-frontend/front_end/ui/visual_logging/visual_logging.js (1)
10월 24, 2024 11:05:06.66 [6984:5348:1024/110506.663:ERROR:registration_request.cc(291)] Registration response error message: DEPRECATED_ENDPOINT
10월 24, 2024 11:14:10.14 [6984:1244:1024/111410.140:ERROR:CONSOLE(1)] "Unknown VE context: language-mismatch    at new He (devtools://devtools/bundled/devtools-frontend/front_end/ui/legacy/legacy.js:1:98356)
10월 24, 2024 11:14:10.14     at devtools://devtools/bundled/devtools-frontend/front_end/ui/legacy/legacy.js:1:191793
10월 24, 2024 11:14:10.14     at new oi (devtools://devtools/bundled/devtools-frontend/front_end/ui/legacy/legacy.js:1:192189)
10월 24, 2024 11:14:10.14     at oi.instance (devtools://devtools/bundled/devtools-frontend/front_end/ui/legacy/legacy.js:1:192311)
10월 24, 2024 11:14:10.14     at O.presentUI (devtools://devtools/bundled/devtools-frontend/front_end/panels/emulation/emulation.js:1:58454)
10월 24, 2024 11:14:10.14     at #I (devtools://devtools/bundled/devtools-frontend/front_end/entrypoints/main/main.js:1:17314)
10월 24, 2024 11:14:10.14     at #x (devtools://devtools/bundled/devtools-frontend/front_end/entrypoints/main/main.js:1:17109)", source: devtools://devtools/bundled/devtools-frontend/front_end/ui/visual_logging/visual_logging.js (1)
10월 24, 2024 11:18:25.37 [6984:1244:1024/111825.379:ERROR:CONSOLE(1)] "Unknown VE context: language-mismatch    at new He (devtools://devtools/bundled/devtools-frontend/front_end/ui/legacy/legacy.js:1:98356)
10월 24, 2024 11:18:25.37     at devtools://devtools/bundled/devtools-frontend/front_end/ui/legacy/legacy.js:1:191793
10월 24, 2024 11:18:25.37     at new oi (devtools://devtools/bundled/devtools-frontend/front_end/ui/legacy/legacy.js:1:192189)
10월 24, 2024 11:18:25.37     at oi.instance (devtools://devtools/bundled/devtools-frontend/front_end/ui/legacy/legacy.js:1:192311)
10월 24, 2024 11:18:25.37     at O.presentUI (devtools://devtools/bundled/devtools-frontend/front_end/panels/emulation/emulation.js:1:58454)
10월 24, 2024 11:18:25.38     at #I (devtools://devtools/bundled/devtools-frontend/front_end/entrypoints/main/main.js:1:17314)
10월 24, 2024 11:18:25.38     at #x (devtools://devtools/bundled/devtools-frontend/front_end/entrypoints/main/main.js:1:17109)", source: devtools://devtools/bundled/devtools-frontend/front_end/ui/visual_logging/visual_logging.js (1)
10월 24, 2024 11:20:24.01 [6984:1244:1024/112024.016:ERROR:CONSOLE(1)] "Unknown VE context: language-mismatch    at new He (devtools://devtools/bundled/devtools-frontend/front_end/ui/legacy/legacy.js:1:98356)
10월 24, 2024 11:20:24.01     at devtools://devtools/bundled/devtools-frontend/front_end/ui/legacy/legacy.js:1:191793
10월 24, 2024 11:20:24.01     at new oi (devtools://devtools/bundled/devtools-frontend/front_end/ui/legacy/legacy.js:1:192189)
10월 24, 2024 11:20:24.01     at oi.instance (devtools://devtools/bundled/devtools-frontend/front_end/ui/legacy/legacy.js:1:192311)
10월 24, 2024 11:20:24.01     at O.presentUI (devtools://devtools/bundled/devtools-frontend/front_end/panels/emulation/emulation.js:1:58454)
10월 24, 2024 11:20:24.01     at #I (devtools://devtools/bundled/devtools-frontend/front_end/entrypoints/main/main.js:1:17314)
10월 24, 2024 11:20:24.01     at #x (devtools://devtools/bundled/devtools-frontend/front_end/entrypoints/main/main.js:1:17109)", source: devtools://devtools/bundled/devtools-frontend/front_end/ui/visual_logging/visual_logging.js (1)
10월 24, 2024 11:21:48.44 [6984:1244:1024/112148.443:ERROR:CONSOLE(1)] "Unknown VE context: language-mismatch    at new He (devtools://devtools/bundled/devtools-frontend/front_end/ui/legacy/legacy.js:1:98356)
10월 24, 2024 11:21:48.44     at devtools://devtools/bundled/devtools-frontend/front_end/ui/legacy/legacy.js:1:191793
10월 24, 2024 11:21:48.44     at new oi (devtools://devtools/bundled/devtools-frontend/front_end/ui/legacy/legacy.js:1:192189)
10월 24, 2024 11:21:48.44     at oi.instance (devtools://devtools/bundled/devtools-frontend/front_end/ui/legacy/legacy.js:1:192311)
10월 24, 2024 11:21:48.44     at O.presentUI (devtools://devtools/bundled/devtools-frontend/front_end/panels/emulation/emulation.js:1:58454)
10월 24, 2024 11:21:48.44     at #I (devtools://devtools/bundled/devtools-frontend/front_end/entrypoints/main/main.js:1:17314)
10월 24, 2024 11:21:48.44     at #x (devtools://devtools/bundled/devtools-frontend/front_end/entrypoints/main/main.js:1:17109)", source: devtools://devtools/bundled/devtools-frontend/front_end/ui/visual_logging/visual_logging.js (1)
10월 24, 2024 11:22:56.78 [6984:1244:1024/112256.787:ERROR:CONSOLE(1)] "Unknown VE context: language-mismatch    at new He (devtools://devtools/bundled/devtools-frontend/front_end/ui/legacy/legacy.js:1:98356)
10월 24, 2024 11:22:56.78     at devtools://devtools/bundled/devtools-frontend/front_end/ui/legacy/legacy.js:1:191793
10월 24, 2024 11:22:56.78     at new oi (devtools://devtools/bundled/devtools-frontend/front_end/ui/legacy/legacy.js:1:192189)
10월 24, 2024 11:22:56.78     at oi.instance (devtools://devtools/bundled/devtools-frontend/front_end/ui/legacy/legacy.js:1:192311)
10월 24, 2024 11:22:56.78     at O.presentUI (devtools://devtools/bundled/devtools-frontend/front_end/panels/emulation/emulation.js:1:58454)
10월 24, 2024 11:22:56.78     at #I (devtools://devtools/bundled/devtools-frontend/front_end/entrypoints/main/main.js:1:17314)
10월 24, 2024 11:22:56.78     at #x (devtools://devtools/bundled/devtools-frontend/front_end/entrypoints/main/main.js:1:17109)", source: devtools://devtools/bundled/devtools-frontend/front_end/ui/visual_logging/visual_logging.js (1)
10월 24, 2024 11:24:52.54 [6984:1244:1024/112452.548:ERROR:CONSOLE(1)] "Unknown VE context: language-mismatch    at new He (devtools://devtools/bundled/devtools-frontend/front_end/ui/legacy/legacy.js:1:98356)
10월 24, 2024 11:24:52.54     at devtools://devtools/bundled/devtools-frontend/front_end/ui/legacy/legacy.js:1:191793
10월 24, 2024 11:24:52.54     at new oi (devtools://devtools/bundled/devtools-frontend/front_end/ui/legacy/legacy.js:1:192189)
10월 24, 2024 11:24:52.54     at oi.instance (devtools://devtools/bundled/devtools-frontend/front_end/ui/legacy/legacy.js:1:192311)
10월 24, 2024 11:24:52.54     at O.presentUI (devtools://devtools/bundled/devtools-frontend/front_end/panels/emulation/emulation.js:1:58454)
10월 24, 2024 11:24:52.54     at #I (devtools://devtools/bundled/devtools-frontend/front_end/entrypoints/main/main.js:1:17314)
10월 24, 2024 11:24:52.54     at #x (devtools://devtools/bundled/devtools-frontend/front_end/entrypoints/main/main.js:1:17109)", source: devtools://devtools/bundled/devtools-frontend/front_end/ui/visual_logging/visual_logging.js (1)
10월 24, 2024 12:57:06.97 [6984:5348:1024/125706.979:ERROR:mcs_client.cc(749)] Received close command, resetting connection.
10월 24, 2024 16:22:27.84 [6984:1244:1024/162227.840:ERROR:CONSOLE(1)] "Unknown VE context: language-mismatch    at new He (devtools://devtools/bundled/devtools-frontend/front_end/ui/legacy/legacy.js:1:98356)
10월 24, 2024 16:22:27.84     at devtools://devtools/bundled/devtools-frontend/front_end/ui/legacy/legacy.js:1:191793
10월 24, 2024 16:22:27.84     at new oi (devtools://devtools/bundled/devtools-frontend/front_end/ui/legacy/legacy.js:1:192189)
10월 24, 2024 16:22:27.84     at oi.instance (devtools://devtools/bundled/devtools-frontend/front_end/ui/legacy/legacy.js:1:192311)
10월 24, 2024 16:22:27.84     at O.presentUI (devtools://devtools/bundled/devtools-frontend/front_end/panels/emulation/emulation.js:1:58454)
10월 24, 2024 16:22:27.84     at #I (devtools://devtools/bundled/devtools-frontend/front_end/entrypoints/main/main.js:1:17314)
10월 24, 2024 16:22:27.84     at #x (devtools://devtools/bundled/devtools-frontend/front_end/entrypoints/main/main.js:1:17109)", source: devtools://devtools/bundled/devtools-frontend/front_end/ui/visual_logging/visual_logging.js (1)
10월 24, 2024 16:22:38.12 [6984:1244:1024/162238.128:ERROR:CONSOLE(1)] "Unknown VE context: language-mismatch    at new He (devtools://devtools/bundled/devtools-frontend/front_end/ui/legacy/legacy.js:1:98356)
10월 24, 2024 16:22:38.12     at devtools://devtools/bundled/devtools-frontend/front_end/ui/legacy/legacy.js:1:191793
10월 24, 2024 16:22:38.13     at new oi (devtools://devtools/bundled/devtools-frontend/front_end/ui/legacy/legacy.js:1:192189)
10월 24, 2024 16:22:38.13     at oi.instance (devtools://devtools/bundled/devtools-frontend/front_end/ui/legacy/legacy.js:1:192311)
10월 24, 2024 16:22:38.13     at O.presentUI (devtools://devtools/bundled/devtools-frontend/front_end/panels/emulation/emulation.js:1:58454)
10월 24, 2024 16:22:38.13     at #I (devtools://devtools/bundled/devtools-frontend/front_end/entrypoints/main/main.js:1:17314)
10월 24, 2024 16:22:38.13     at #x (devtools://devtools/bundled/devtools-frontend/front_end/entrypoints/main/main.js:1:17109)", source: devtools://devtools/bundled/devtools-frontend/front_end/ui/visual_logging/visual_logging.js (1)
10월 24, 2024 17:58:29.10 [6984:1244:1024/175829.104:ERROR:CONSOLE(1)] "Unknown VE context: language-mismatch    at new He (devtools://devtools/bundled/devtools-frontend/front_end/ui/legacy/legacy.js:1:98356)
10월 24, 2024 17:58:29.10     at devtools://devtools/bundled/devtools-frontend/front_end/ui/legacy/legacy.js:1:191793
10월 24, 2024 17:58:29.10     at new oi (devtools://devtools/bundled/devtools-frontend/front_end/ui/legacy/legacy.js:1:192189)
10월 24, 2024 17:58:29.10     at oi.instance (devtools://devtools/bundled/devtools-frontend/front_end/ui/legacy/legacy.js:1:192311)
10월 24, 2024 17:58:29.10     at O.presentUI (devtools://devtools/bundled/devtools-frontend/front_end/panels/emulation/emulation.js:1:58454)
10월 24, 2024 17:58:29.10     at #I (devtools://devtools/bundled/devtools-frontend/front_end/entrypoints/main/main.js:1:17314)
10월 24, 2024 17:58:29.10     at #x (devtools://devtools/bundled/devtools-frontend/front_end/entrypoints/main/main.js:1:17109)", source: devtools://devtools/bundled/devtools-frontend/front_end/ui/visual_logging/visual_logging.js (1)
